0 info it worked if it ends with ok
1 verbose cli [ '/Users/prashun/.nvm/versions/node/v4.4.0/bin/node',
1 verbose cli   '/Users/prashun/.nvm/versions/node/v4.4.0/bin/npm',
1 verbose cli   'run',
1 verbose cli   'build:dev' ]
2 info using npm@3.8.3
3 info using node@v4.4.0
4 verbose run-script [ 'prebuild:dev', 'build:dev', 'postbuild:dev' ]
5 info lifecycle hulk-cut@0.0.5-np~prebuild:dev: hulk-cut@0.0.5-np
6 silly lifecycle hulk-cut@0.0.5-np~prebuild:dev: no script for prebuild:dev, continuing
7 info lifecycle hulk-cut@0.0.5-np~build:dev: hulk-cut@0.0.5-np
8 verbose lifecycle hulk-cut@0.0.5-np~build:dev: unsafe-perm in lifecycle true
9 verbose lifecycle hulk-cut@0.0.5-np~build:dev: PATH: /Users/prashun/.nvm/versions/node/v4.4.0/lib/node_modules/npm/bin/node-gyp-bin:/Users/prashun/WebstormProjects/hulk-cut/node_modules/.bin:/Users/prashun/.nvm/versions/node/v4.4.0/bin:/Users/prashun/.nvm/versions/node/v4.4.0/bin:/usr/local/bin:/usr/bin:/bin:/usr/sbin:/sbin:/usr/local/git/bin:/usr/local/sbin
10 verbose lifecycle hulk-cut@0.0.5-np~build:dev: CWD: /Users/prashun/WebstormProjects/hulk-cut
11 silly lifecycle hulk-cut@0.0.5-np~build:dev: Args: [ '-c', 'npm run build && npm run gulp:dev ' ]
12 silly lifecycle hulk-cut@0.0.5-np~build:dev: Returned: code: 1  signal: null
13 info lifecycle hulk-cut@0.0.5-np~build:dev: Failed to exec build:dev script
14 verbose stack Error: hulk-cut@0.0.5-np build:dev: `npm run build && npm run gulp:dev `
14 verbose stack Exit status 1
14 verbose stack     at EventEmitter.<anonymous> (/Users/prashun/.nvm/versions/node/v4.4.0/lib/node_modules/npm/lib/utils/lifecycle.js:239:16)
14 verbose stack     at emitTwo (events.js:87:13)
14 verbose stack     at EventEmitter.emit (events.js:172:7)
14 verbose stack     at ChildProcess.<anonymous> (/Users/prashun/.nvm/versions/node/v4.4.0/lib/node_modules/npm/lib/utils/spawn.js:24:14)
14 verbose stack     at emitTwo (events.js:87:13)
14 verbose stack     at ChildProcess.emit (events.js:172:7)
14 verbose stack     at maybeClose (internal/child_process.js:827:16)
14 verbose stack     at Process.ChildProcess._handle.onexit (internal/child_process.js:211:5)
15 verbose pkgid hulk-cut@0.0.5-np
16 verbose cwd /Users/prashun/WebstormProjects/hulk-cut/src
17 error Darwin 14.0.0
18 error argv "/Users/prashun/.nvm/versions/node/v4.4.0/bin/node" "/Users/prashun/.nvm/versions/node/v4.4.0/bin/npm" "run" "build:dev"
19 error node v4.4.0
20 error npm  v3.8.3
21 error code ELIFECYCLE
22 error hulk-cut@0.0.5-np build:dev: `npm run build && npm run gulp:dev `
22 error Exit status 1
23 error Failed at the hulk-cut@0.0.5-np build:dev script 'npm run build && npm run gulp:dev '.
23 error Make sure you have the latest version of node.js and npm installed.
23 error If you do, this is most likely a problem with the hulk-cut package,
23 error not with npm itself.
23 error Tell the author that this fails on your system:
23 error     npm run build && npm run gulp:dev
23 error You can get information on how to open an issue for this project with:
23 error     npm bugs hulk-cut
23 error Or if that isn't available, you can get their info via:
23 error     npm owner ls hulk-cut
23 error There is likely additional logging output above.
24 verbose exit [ 1, true ]
